<?xml version="1.0" encoding="UTF-8"?>
<!-- Generated by org.testng.reporters.JUnitReportReporter -->
<testsuite hostname="DESKTOP-NKPAN9S" failures="0" tests="1" name="demowebshop_testng.TS4" time="11.934" errors="0" timestamp="2023-01-25T11:15:23 IST" skipped="0">
  <testcase classname="demowebshop_testng.TS4" name="book2" time="11.934"/>
  <system-out/>
</testsuite> <!-- demowebshop_testng.TS4 -->
