<?xml version="1.0" encoding="UTF-8"?>
<!-- Generated by org.testng.reporters.JUnitReportReporter -->
<testsuite skipped="0" hostname="DESKTOP-NKPAN9S" name="ty1.Testscript3" tests="1" failures="0" timestamp="2023-01-30T13:28:40 IST" time="11.319" errors="0">
  <testcase name="test3" time="11.319" classname="ty1.Testscript3"/>
  <system-out/>
</testsuite> <!-- ty1.Testscript3 -->
