<?xml version="1.0" encoding="UTF-8"?>
<!-- Generated by org.testng.reporters.JUnitReportReporter -->
<testsuite skipped="0" hostname="DESKTOP-NKPAN9S" name="ty1.Dataprovider_" tests="3" failures="0" timestamp="2023-01-30T17:24:10 IST" time="125.495" errors="0">
  <testcase name="test" time="41.628" classname="ty1.Dataprovider_"/>
  <system-out/>
  <testcase name="test" time="43.496" classname="ty1.Dataprovider_"/>
  <system-out/>
  <testcase name="test" time="40.371" classname="ty1.Dataprovider_"/>
  <system-out/>
</testsuite> <!-- ty1.Dataprovider_ -->
