<?xml version="1.0" encoding="UTF-8"?>
<!-- Generated by org.testng.reporters.JUnitReportReporter -->
<testsuite skipped="0" hostname="DESKTOP-NKPAN9S" name="demowebshop_testng.TS08" tests="1" failures="0" timestamp="2023-01-27T16:34:07 IST" time="6.618" errors="0">
  <testcase name="book_wish" time="6.618" classname="demowebshop_testng.TS08"/>
  <system-out/>
</testsuite> <!-- demowebshop_testng.TS08 -->
