<?xml version="1.0" encoding="UTF-8"?>
<!-- Generated by org.testng.reporters.JUnitReportReporter -->
<testsuite skipped="0" hostname="DESKTOP-NKPAN9S" name="ty1.Testscript5" tests="1" failures="0" timestamp="2023-01-30T13:27:57 IST" time="0.012" errors="0">
  <testcase name="demo" time="0.012" classname="ty1.Testscript5"/>
  <system-out/>
</testsuite> <!-- ty1.Testscript5 -->
