<?xml version="1.0" encoding="UTF-8"?>
<!-- Generated by org.testng.reporters.JUnitReportReporter -->
<testsuite skipped="0" hostname="DESKTOP-NKPAN9S" name="demowebshop_testng.TS06" tests="1" failures="0" timestamp="2023-01-27T16:34:07 IST" time="4.528" errors="0">
  <testcase name="book2" time="4.528" classname="demowebshop_testng.TS06"/>
  <system-out/>
</testsuite> <!-- demowebshop_testng.TS06 -->
