<?xml version="1.0" encoding="UTF-8"?>
<!-- Generated by org.testng.reporters.JUnitReportReporter -->
<testsuite hostname="DESKTOP-NKPAN9S" failures="0" tests="1" name="demowebshop_testng.TS6" time="9.129" errors="0" timestamp="2023-01-25T11:27:10 IST" skipped="0">
  <testcase classname="demowebshop_testng.TS6" name="book2" time="9.129"/>
  <system-out/>
</testsuite> <!-- demowebshop_testng.TS6 -->
