<?xml version="1.0" encoding="UTF-8"?>
<!-- Generated by org.testng.reporters.JUnitReportReporter -->
<testsuite skipped="0" hostname="DESKTOP-NKPAN9S" name="demowebshop_testng.TS03" tests="1" failures="0" timestamp="2023-01-27T16:34:07 IST" time="6.263" errors="0">
  <testcase name="book1" time="6.263" classname="demowebshop_testng.TS03"/>
  <system-out/>
</testsuite> <!-- demowebshop_testng.TS03 -->
