<?xml version="1.0" encoding="UTF-8"?>
<!-- Generated by org.testng.reporters.JUnitReportReporter -->
<testsuite skipped="0" hostname="DESKTOP-NKPAN9S" name="ty1.Testscript4" tests="1" failures="0" timestamp="2023-01-30T13:20:33 IST" time="17.844" errors="0">
  <testcase name="test4" time="17.844" classname="ty1.Testscript4"/>
  <system-out/>
</testsuite> <!-- ty1.Testscript4 -->
