<?xml version="1.0" encoding="UTF-8"?>
<!-- Generated by org.testng.reporters.JUnitReportReporter -->
<testsuite hostname="DESKTOP-NKPAN9S" failures="0" tests="1" name="demowebshop_testng.TS5" time="9.783" errors="0" timestamp="2023-01-25T11:19:29 IST" skipped="0">
  <testcase classname="demowebshop_testng.TS5" name="book2" time="9.783"/>
  <system-out/>
</testsuite> <!-- demowebshop_testng.TS5 -->
