<?xml version="1.0" encoding="UTF-8"?>
<!-- Generated by org.testng.reporters.JUnitReportReporter -->
<testsuite skipped="0" hostname="DESKTOP-NKPAN9S" name="ty1.Testngpractice" tests="1" failures="0" timestamp="2023-01-30T12:13:41 IST" time="0.016" errors="0">
  <testcase name="test" time="0.016" classname="ty1.Testngpractice"/>
  <system-out/>
</testsuite> <!-- ty1.Testngpractice -->
