<?xml version="1.0" encoding="UTF-8"?>
<!-- Generated by org.testng.reporters.JUnitReportReporter -->
<testsuite skipped="0" hostname="DESKTOP-NKPAN9S" name="ty1.Ddt_test" tests="3" failures="0" timestamp="2023-01-31T12:49:14 IST" time="58.850" errors="0">
  <testcase name="test" time="19.406" classname="ty1.Ddt_test"/>
  <system-out/>
  <testcase name="test" time="19.418" classname="ty1.Ddt_test"/>
  <system-out/>
  <testcase name="test" time="20.026" classname="ty1.Ddt_test"/>
  <system-out/>
</testsuite> <!-- ty1.Ddt_test -->
