<?xml version="1.0" encoding="UTF-8"?>
<!-- Generated by org.testng.reporters.JUnitReportReporter -->
<testsuite skipped="0" hostname="DESKTOP-NKPAN9S" name="ty1.PDFreadtest" tests="1" failures="0" timestamp="2023-02-02T09:47:58 IST" time="3.518" errors="0">
  <testcase name="test" time="3.518" classname="ty1.PDFreadtest"/>
  <system-out/>
</testsuite> <!-- ty1.PDFreadtest -->
